<?xml version="1.0" encoding="UTF-8"?>
<testsuite xmlns:xsi="http://www.w3.org/2001/XMLSchema-instance" xsi:noNamespaceSchemaLocation="https://maven.apache.org/surefire/maven-surefire-plugin/xsd/surefire-test-report-3.0.xsd" version="3.0" name="org.example.WriterTest" time="5.334" tests="3" errors="0" skipped="0" failures="0">
  <properties>
[...]
</properties>
  <testcase name="testWriterLeavingLibrary" classname="org.example.WriterTest" time="2.614"/>
  <testcase name="testWriterWriting" classname="org.example.WriterTest" time="2.609"/>
  <testcase name="testWriterInterrupted" classname="org.example.WriterTest" time="0.109"/>
</testsuite>